<?xml version="1.0"?>
<!DOCTYPE coverage SYSTEM "http://cobertura.sourceforge.net/xml/coverage-04.dtd">

<coverage line-rate="0.8153098420413123" branch-rate="0.7377300613496932" lines-covered="1342" lines-valid="1646" branches-covered="481" branches-valid="652" complexity="2.486013986013986" version="1.9.4.1" timestamp="1392360791677">
	<sources>
		<source>--source</source>
		<source>/Users/ritwik/Dropbox/inmobi/devel/conduit/conduit-distcp/src/main/java</source>
	</sources>
	<packages>
		<package name="org.apache.hadoop.tools" line-rate="0.817351598173516" branch-rate="0.782608695652174" complexity="2.4916666666666667">
			<classes>
				<class name="org.apache.hadoop.tools.CopyListing" filename="org/apache/hadoop/tools/CopyListing.java" line-rate="0.972972972972973" branch-rate="0.875" complexity="1.5833333333333333">
					<methods>
						<method name="&lt;init&gt;" signature="(Lorg/apache/hadoop/conf/Configuration;Lorg/apache/hadoop/security/Credentials;)V" line-rate="1.0" branch-rate="1.0">
							<lines>
								<line number="168" hits="211" branch="false"/>
								<line number="169" hits="211" branch="false"/>
								<line number="170" hits="211" branch="false"/>
								<line number="171" hits="211" branch="false"/>
							</lines>
						</method>
						<method name="buildListing" signature="(Lorg/apache/hadoop/fs/Path;Lorg/apache/hadoop/tools/DistCpOptions;)V" line-rate="1.0" branch-rate="1.0">
							<lines>
								<line number="79" hits="207" branch="false"/>
								<line number="80" hits="206" branch="false"/>
								<line number="81" hits="204" branch="false"/>
								<line number="83" hits="204" branch="false"/>
								<line number="84" hits="204" branch="false"/>
								<line number="85" hits="204" branch="false"/>
								<line number="87" hits="204" branch="false"/>
								<line number="88" hits="202" branch="false"/>
							</lines>
						</method>
						<method name="checkForDuplicates" signature="(Lorg/apache/hadoop/fs/Path;)V" line-rate="1.0" branch-rate="1.0">
							<lines>
								<line number="135" hits="204" branch="false"/>
								<line number="136" hits="204" branch="false"/>
								<line number="138" hits="204" branch="false"/>
								<line number="140" hits="204" branch="false"/>
								<line number="142" hits="204" branch="false"/>
								<line number="143" hits="204" branch="false"/>
								<line number="145" hits="204" branch="false"/>
								<line number="146" hits="2920" branch="true" condition-coverage="100% (2/2)">
									<conditions>
										<condition number="0" type="jump" coverage="100%"/>
									</conditions>
								</line>
								<line number="147" hits="2718" branch="true" condition-coverage="100% (2/2)">
									<conditions>
										<condition number="0" type="jump" coverage="100%"/>
									</conditions>
								</line>
								<line number="148" hits="2" branch="false"/>
								<line number="149" hits="2" branch="false"/>
								<line number="150" hits="2" branch="false"/>
								<line number="153" hits="2716" branch="false"/>
								<line number="154" hits="2716" branch="false"/>
								<line number="157" hits="204" branch="false"/>
								<line number="158" hits="202" branch="false"/>
								<line number="159" hits="202" branch="false"/>
							</lines>
						</method>
						<method name="getCopyListing" signature="(Lorg/apache/hadoop/conf/Configuration;Lorg/apache/hadoop/security/Credentials;Lorg/apache/hadoop/tools/DistCpOptions;)Lorg/apache/hadoop/tools/CopyListing;" line-rate="0.8" branch-rate="0.75">
							<lines>
								<line number="199" hits="29" branch="true" condition-coverage="50% (1/2)">
									<conditions>
										<condition number="0" type="jump" coverage="50%"/>
									</conditions>
								</line>
								<line number="200" hits="0" branch="false"/>
								<line number="201" hits="29" branch="true" condition-coverage="100% (2/2)">
									<conditions>
										<condition number="0" type="jump" coverage="100%"/>
									</conditions>
								</line>
								<line number="202" hits="6" branch="false"/>
								<line number="204" hits="23" branch="false"/>
							</lines>
						</method>
						<method name="getCredentials" signature="()Lorg/apache/hadoop/security/Credentials;" line-rate="1.0" branch-rate="1.0">
							<lines>
								<line number="186" hits="81" branch="false"/>
							</lines>
						</method>
						<method name="setCredentials" signature="(Lorg/apache/hadoop/security/Credentials;)V" line-rate="1.0" branch-rate="1.0">
							<lines>
								<line number="178" hits="211" branch="false"/>
								<line number="179" hits="211" branch="false"/>
							</lines>
						</method>
					</methods>
					<lines>
						<line number="79" hits="207" branch="false"/>
						<line number="80" hits="206" branch="false"/>
						<line number="81" hits="204" branch="false"/>
						<line number="83" hits="204" branch="false"/>
						<line number="84" hits="204" branch="false"/>
						<line number="85" hits="204" branch="false"/>
						<line number="87" hits="204" branch="false"/>
						<line number="88" hits="202" branch="false"/>
						<line number="135" hits="204" branch="false"/>
						<line number="136" hits="204" branch="false"/>
						<line number="138" hits="204" branch="false"/>
						<line number="140" hits="204" branch="false"/>
						<line number="142" hits="204" branch="false"/>
						<line number="143" hits="204" branch="false"/>
						<line number="145" hits="204" branch="false"/>
						<line number="146" hits="2920" branch="true" condition-coverage="100% (2/2)">
							<conditions>
								<condition number="0" type="jump" coverage="100%"/>
							</conditions>
						</line>
						<line number="147" hits="2718" branch="true" condition-coverage="100% (2/2)">
							<conditions>
								<condition number="0" type="jump" coverage="100%"/>
							</conditions>
						</line>
						<line number="148" hits="2" branch="false"/>
						<line number="149" hits="2" branch="false"/>
						<line number="150" hits="2" branch="false"/>
						<line number="153" hits="2716" branch="false"/>
						<line number="154" hits="2716" branch="false"/>
						<line number="157" hits="204" branch="false"/>
						<line number="158" hits="202" branch="false"/>
						<line number="159" hits="202" branch="false"/>
						<line number="168" hits="211" branch="false"/>
						<line number="169" hits="211" branch="false"/>
						<line number="170" hits="211" branch="false"/>
						<line number="171" hits="211" branch="false"/>
						<line number="178" hits="211" branch="false"/>
						<line number="179" hits="211" branch="false"/>
						<line number="186" hits="81" branch="false"/>
						<line number="199" hits="29" branch="true" condition-coverage="50% (1/2)">
							<conditions>
								<condition number="0" type="jump" coverage="50%"/>
							</conditions>
						</line>
						<line number="200" hits="0" branch="false"/>
						<line number="201" hits="29" branch="true" condition-coverage="100% (2/2)">
							<conditions>
								<condition number="0" type="jump" coverage="100%"/>
							</conditions>
						</line>
						<line number="202" hits="6" branch="false"/>
						<line number="204" hits="23" branch="false"/>
					</lines>
				</class>
				<class name="org.apache.hadoop.tools.CopyListing$DuplicateFileException" filename="org/apache/hadoop/tools/CopyListing.java" line-rate="1.0" branch-rate="1.0" complexity="1.5833333333333333">
					<methods>
						<method name="&lt;init&gt;" signature="(Ljava/lang/String;)V" line-rate="1.0" branch-rate="1.0">
							<lines>
								<line number="211" hits="2" branch="false"/>
								<line number="212" hits="2" branch="false"/>
							</lines>
						</method>
					</methods>
					<lines>
						<line number="211" hits="2" branch="false"/>
						<line number="212" hits="2" branch="false"/>
					</lines>
				</class>
				<class name="org.apache.hadoop.tools.CopyListing$InvalidInputException" filename="org/apache/hadoop/tools/CopyListing.java" line-rate="1.0" branch-rate="1.0" complexity="1.5833333333333333">
					<methods>
						<method name="&lt;init&gt;" signature="(Ljava/lang/String;)V" line-rate="1.0" branch-rate="1.0">
							<lines>
								<line number="217" hits="3" branch="false"/>
								<line number="218" hits="3" branch="false"/>
							</lines>
						</method>
					</methods>
					<lines>
						<line number="217" hits="3" branch="false"/>
						<line number="218" hits="3" branch="false"/>
					</lines>
				</class>
				<class name="org.apache.hadoop.tools.DistCp" filename="org/apache/hadoop/tools/DistCp.java" line-rate="0.5822784810126582" branch-rate="0.5714285714285714" complexity="2.789473684210526">
					<methods>
						<method name="&lt;clinit&gt;" signature="()V" line-rate="1.0" branch-rate="1.0">
							<lines>
								<line number="47" hits="2" branch="false"/>
								<line number="48" hits="2" branch="false"/>
								<line number="56" hits="2" branch="false"/>
							</lines>
						</method>
						<method name="&lt;init&gt;" signature="()V" line-rate="0.0" branch-rate="1.0">
							<lines>
								<line number="83" hits="0" branch="false"/>
							</lines>
						</method>
						<method name="&lt;init&gt;" signature="(Lorg/apache/hadoop/conf/Configuration;Lorg/apache/hadoop/tools/DistCpOptions;)V" line-rate="1.0" branch-rate="0.8333333333333334">
							<lines>
								<line number="68" hits="27" branch="false"/>
								<line number="69" hits="27" branch="true" condition-coverage="50% (1/2)">
									<conditions>
										<condition number="0" type="jump" coverage="50%"/>
									</conditions>
								</line>
								<line number="70" hits="27" branch="false"/>
								<line number="71" hits="27" branch="false"/>
								<line number="72" hits="27" branch="true" condition-coverage="100% (2/2)">
									<conditions>
										<condition number="0" type="jump" coverage="100%"/>
									</conditions>
								</line>
								<line number="73" hits="324" branch="true" condition-coverage="100% (2/2)">
									<conditions>
										<condition number="0" type="jump" coverage="100%"/>
									</conditions>
								</line>
								<line number="74" hits="108" branch="false"/>
								<line number="75" hits="27" branch="false"/>
								<line number="76" hits="27" branch="false"/>
								<line number="77" hits="27" branch="false"/>
								<line number="78" hits="27" branch="false"/>
							</lines>
						</method>
						<method name="access$000" signature="(Lorg/apache/hadoop/tools/DistCp;)Z" line-rate="1.0" branch-rate="1.0">
							<lines>
							</lines>
						</method>
						<method name="access$100" signature="(Lorg/apache/hadoop/tools/DistCp;)V" line-rate="1.0" branch-rate="1.0">
							<lines>
							</lines>
						</method>
						<method name="addSSLFilesToDistCache" signature="(Lorg/apache/hadoop/conf/Configuration;Lorg/apache/hadoop/fs/Path;)V" line-rate="0.0" branch-rate="1.0">
							<lines>
								<line number="231" hits="0" branch="false"/>
								<line number="233" hits="0" branch="false"/>
								<line number="234" hits="0" branch="false"/>
								<line number="236" hits="0" branch="false"/>
								<line number="237" hits="0" branch="false"/>
								<line number="239" hits="0" branch="false"/>
								<line number="241" hits="0" branch="false"/>
								<line number="242" hits="0" branch="false"/>
								<line number="244" hits="0" branch="false"/>
								<line number="246" hits="0" branch="false"/>
								<line number="248" hits="0" branch="false"/>
							</lines>
						</method>
						<method name="cleanup" signature="()V" line-rate="0.7142857142857143" branch-rate="0.5">
							<lines>
								<line number="402" hits="1" branch="true" condition-coverage="50% (1/2)">
									<conditions>
										<condition number="0" type="jump" coverage="50%"/>
									</conditions>
								</line>
								<line number="404" hits="1" branch="false"/>
								<line number="405" hits="1" branch="false"/>
								<line number="406" hits="0" branch="false"/>
								<line number="407" hits="0" branch="false"/>
								<line number="408" hits="1" branch="false"/>
								<line number="409" hits="1" branch="false"/>
							</lines>
						</method>
						<method name="configureOutputFormat" signature="(Lorg/apache/hadoop/mapreduce/Job;)V" line-rate="0.9090909090909091" branch-rate="0.75">
							<lines>
								<line number="274" hits="27" branch="false"/>
								<line number="275" hits="27" branch="false"/>
								<line number="276" hits="27" branch="false"/>
								<line number="278" hits="27" branch="true" condition-coverage="100% (2/2)">
									<conditions>
										<condition number="0" type="jump" coverage="100%"/>
									</conditions>
								</line>
								<line number="279" hits="2" branch="false"/>
								<line number="280" hits="2" branch="true" condition-coverage="100% (2/2)">
									<conditions>
										<condition number="0" type="jump" coverage="100%"/>
									</conditions>
								</line>
								<line number="281" hits="1" branch="false"/>
								<line number="283" hits="2" branch="false"/>
								<line number="285" hits="2" branch="false"/>
								<line number="286" hits="2" branch="false"/>
								<line number="287" hits="2" branch="true" condition-coverage="50% (1/2)">
									<conditions>
										<condition number="0" type="jump" coverage="50%"/>
									</conditions>
								</line>
								<line number="288" hits="0" branch="false"/>
								<line number="291" hits="2" branch="false"/>
								<line number="292" hits="2" branch="false"/>
								<line number="293" hits="25" branch="false"/>
								<line number="295" hits="27" branch="false"/>
								<line number="297" hits="27" branch="false"/>
								<line number="298" hits="27" branch="true" condition-coverage="50% (1/2)">
									<conditions>
										<condition number="0" type="jump" coverage="50%"/>
									</conditions>
								</line>
								<line number="299" hits="0" branch="false"/>
								<line number="301" hits="27" branch="false"/>
								<line number="302" hits="27" branch="false"/>
								<line number="305" hits="27" branch="false"/>
							</lines>
						</method>
						<method name="createInputFileListing" signature="(Lorg/apache/hadoop/mapreduce/Job;)Lorg/apache/hadoop/fs/Path;" line-rate="1.0" branch-rate="1.0">
							<lines>
								<line number="317" hits="27" branch="false"/>
								<line number="318" hits="27" branch="false"/>
								<line number="320" hits="27" branch="false"/>
								<line number="321" hits="26" branch="false"/>
								<line number="322" hits="26" branch="false"/>
								<line number="325" hits="26" branch="false"/>
							</lines>
						</method>
						<method name="createJob" signature="()Lorg/apache/hadoop/mapreduce/Job;" line-rate="0.9047619047619048" branch-rate="0.5">
							<lines>
								<line number="166" hits="27" branch="false"/>
								<line number="167" hits="27" branch="false"/>
								<line number="168" hits="27" branch="true" condition-coverage="50% (1/2)">
									<conditions>
										<condition number="0" type="jump" coverage="50%"/>
									</conditions>
								</line>
								<line number="169" hits="0" branch="false"/>
								<line number="170" hits="27" branch="false"/>
								<line number="171" hits="27" branch="false"/>
								<line number="172" hits="27" branch="false"/>
								<line number="173" hits="27" branch="false"/>
								<line number="175" hits="27" branch="false"/>
								<line number="176" hits="27" branch="false"/>
								<line number="177" hits="27" branch="false"/>
								<line number="178" hits="27" branch="false"/>
								<line number="179" hits="27" branch="false"/>
								<line number="180" hits="27" branch="false"/>
								<line number="181" hits="27" branch="false"/>
								<line number="182" hits="27" branch="false"/>
								<line number="183" hits="27" branch="false"/>
								<line number="186" hits="27" branch="true" condition-coverage="50% (1/2)">
									<conditions>
										<condition number="0" type="jump" coverage="50%"/>
									</conditions>
								</line>
								<line number="187" hits="0" branch="false"/>
								<line number="190" hits="27" branch="false"/>
								<line number="191" hits="27" branch="false"/>
							</lines>
						</method>
						<method name="createMetaFolderPath" signature="()Lorg/apache/hadoop/fs/Path;" line-rate="0.8571428571428571" branch-rate="0.5">
							<lines>
								<line number="349" hits="54" branch="false"/>
								<line number="350" hits="54" branch="false"/>
								<line number="352" hits="54" branch="false"/>
								<line number="353" hits="54" branch="true" condition-coverage="50% (1/2)">
									<conditions>
										<condition number="0" type="jump" coverage="50%"/>
									</conditions>
								</line>
								<line number="354" hits="0" branch="false"/>
								<line number="355" hits="54" branch="false"/>
								<line number="356" hits="54" branch="false"/>
							</lines>
						</method>
						<method name="execute" signature="()Lorg/apache/hadoop/mapreduce/Job;" line-rate="0.9473684210526315" branch-rate="0.6428571428571429">
							<lines>
								<line number="127" hits="27" branch="true" condition-coverage="50% (2/4)">
									<conditions>
										<condition number="0" type="jump" coverage="50%"/>
										<condition number="1" type="jump" coverage="50%"/>
									</conditions>
								</line>
								<line number="128" hits="27" branch="true" condition-coverage="50% (2/4)">
									<conditions>
										<condition number="0" type="jump" coverage="50%"/>
										<condition number="1" type="jump" coverage="50%"/>
									</conditions>
								</line>
								<line number="130" hits="27" branch="false"/>
								<line number="132" hits="27" branch="false"/>
								<line number="133" hits="27" branch="false"/>
								<line number="135" hits="27" branch="false"/>
								<line number="136" hits="27" branch="false"/>
								<line number="138" hits="26" branch="false"/>
								<line number="139" hits="26" branch="false"/>
								<line number="141" hits="27" branch="true" condition-coverage="100% (2/2)">
									<conditions>
										<condition number="0" type="jump" coverage="100%"/>
									</conditions>
								</line>
								<line number="142" hits="1" branch="false"/>
								<line number="146" hits="26" branch="false"/>
								<line number="147" hits="26" branch="false"/>
								<line number="149" hits="26" branch="false"/>
								<line number="150" hits="26" branch="false"/>
								<line number="151" hits="26" branch="false"/>
								<line number="153" hits="26" branch="true" condition-coverage="75% (3/4)">
									<conditions>
										<condition number="0" type="jump" coverage="100%"/>
										<condition number="1" type="jump" coverage="50%"/>
									</conditions>
								</line>
								<line number="154" hits="0" branch="false"/>
								<line number="156" hits="26" branch="false"/>
							</lines>
						</method>
						<method name="getDefaultConf" signature="()Lorg/apache/hadoop/conf/Configuration;" line-rate="0.0" branch-rate="0.0">
							<lines>
								<line number="388" hits="0" branch="false"/>
								<line number="391" hits="0" branch="false"/>
								<line number="392" hits="0" branch="true" condition-coverage="0% (0/2)">
									<conditions>
										<condition number="0" type="jump" coverage="0%"/>
									</conditions>
								</line>
								<line number="393" hits="0" branch="false"/>
								<line number="396" hits="0" branch="false"/>
								<line number="397" hits="0" branch="false"/>
							</lines>
						</method>
						<method name="getFileListingPath" signature="()Lorg/apache/hadoop/fs/Path;" line-rate="1.0" branch-rate="1.0">
							<lines>
								<line number="336" hits="27" branch="false"/>
								<line number="337" hits="27" branch="false"/>
								<line number="338" hits="27" branch="false"/>
							</lines>
						</method>
						<method name="getJobID" signature="(Lorg/apache/hadoop/mapreduce/Job;)Ljava/lang/String;" line-rate="1.0" branch-rate="1.0">
							<lines>
								<line number="201" hits="26" branch="false"/>
							</lines>
						</method>
						<method name="getLocalStorePath" signature="(Lorg/apache/hadoop/conf/Configuration;Ljava/lang/String;)Lorg/apache/hadoop/fs/Path;" line-rate="0.0" branch-rate="0.0">
							<lines>
								<line number="259" hits="0" branch="true" condition-coverage="0% (0/2)">
									<conditions>
										<condition number="0" type="jump" coverage="0%"/>
									</conditions>
								</line>
								<line number="260" hits="0" branch="false"/>
								<line number="262" hits="0" branch="false"/>
							</lines>
						</method>
						<method name="isSubmitted" signature="()Z" line-rate="0.0" branch-rate="1.0">
							<lines>
								<line number="412" hits="0" branch="false"/>
							</lines>
						</method>
						<method name="main" signature="([Ljava/lang/String;)V" line-rate="0.0" branch-rate="0.0">
							<lines>
								<line number="365" hits="0" branch="false"/>
								<line number="367" hits="0" branch="false"/>
								<line number="368" hits="0" branch="false"/>
								<line number="370" hits="0" branch="false"/>
								<line number="371" hits="0" branch="false"/>
								<line number="373" hits="0" branch="false"/>
								<line number="374" hits="0" branch="false"/>
								<line number="375" hits="0" branch="false"/>
								<line number="377" hits="0" branch="true" condition-coverage="0% (0/2)">
									<conditions>
										<condition number="0" type="jump" coverage="0%"/>
									</conditions>
								</line>
								<line number="378" hits="0" branch="false"/>
								<line number="380" hits="0" branch="false"/>
							</lines>
						</method>
						<method name="run" signature="([Ljava/lang/String;)I" line-rate="0.0" branch-rate="1.0">
							<lines>
								<line number="95" hits="0" branch="false"/>
								<line number="97" hits="0" branch="false"/>
								<line number="98" hits="0" branch="false"/>
								<line number="99" hits="0" branch="false"/>
								<line number="100" hits="0" branch="false"/>
								<line number="101" hits="0" branch="false"/>
								<line number="102" hits="0" branch="false"/>
								<line number="103" hits="0" branch="false"/>
								<line number="106" hits="0" branch="false"/>
								<line number="107" hits="0" branch="false"/>
								<line number="108" hits="0" branch="false"/>
								<line number="109" hits="0" branch="false"/>
								<line number="110" hits="0" branch="false"/>
								<line number="111" hits="0" branch="false"/>
								<line number="112" hits="0" branch="false"/>
								<line number="113" hits="0" branch="false"/>
								<line number="114" hits="0" branch="false"/>
								<line number="115" hits="0" branch="false"/>
								<line number="116" hits="0" branch="false"/>
								<line number="117" hits="0" branch="false"/>
							</lines>
						</method>
						<method name="setupSSLConfig" signature="(Lorg/apache/hadoop/conf/Configuration;)V" line-rate="0.0" branch-rate="1.0">
							<lines>
								<line number="214" hits="0" branch="false"/>
								<line number="217" hits="0" branch="false"/>
								<line number="218" hits="0" branch="false"/>
								<line number="219" hits="0" branch="false"/>
								<line number="220" hits="0" branch="false"/>
							</lines>
						</method>
					</methods>
					<lines>
						<line number="47" hits="2" branch="false"/>
						<line number="48" hits="2" branch="false"/>
						<line number="56" hits="2" branch="false"/>
						<line number="68" hits="27" branch="false"/>
						<line number="69" hits="27" branch="true" condition-coverage="50% (1/2)">
							<conditions>
								<condition number="0" type="jump" coverage="50%"/>
							</conditions>
						</line>
						<line number="70" hits="27" branch="false"/>
						<line number="71" hits="27" branch="false"/>
						<line number="72" hits="27" branch="true" condition-coverage="100% (2/2)">
							<conditions>
								<condition number="0" type="jump" coverage="100%"/>
							</conditions>
						</line>
						<line number="73" hits="324" branch="true" condition-coverage="100% (2/2)">
							<conditions>
								<condition number="0" type="jump" coverage="100%"/>
							</conditions>
						</line>
						<line number="74" hits="108" branch="false"/>
						<line number="75" hits="27" branch="false"/>
						<line number="76" hits="27" branch="false"/>
						<line number="77" hits="27" branch="false"/>
						<line number="78" hits="27" branch="false"/>
						<line number="83" hits="0" branch="false"/>
						<line number="95" hits="0" branch="false"/>
						<line number="97" hits="0" branch="false"/>
						<line number="98" hits="0" branch="false"/>
						<line number="99" hits="0" branch="false"/>
						<line number="100" hits="0" branch="false"/>
						<line number="101" hits="0" branch="false"/>
						<line number="102" hits="0" branch="false"/>
						<line number="103" hits="0" branch="false"/>
						<line number="106" hits="0" branch="false"/>
						<line number="107" hits="0" branch="false"/>
						<line number="108" hits="0" branch="false"/>
						<line number="109" hits="0" branch="false"/>
						<line number="110" hits="0" branch="false"/>
						<line number="111" hits="0" branch="false"/>
						<line number="112" hits="0" branch="false"/>
						<line number="113" hits="0" branch="false"/>
						<line number="114" hits="0" branch="false"/>
						<line number="115" hits="0" branch="false"/>
						<line number="116" hits="0" branch="false"/>
						<line number="117" hits="0" branch="false"/>
						<line number="127" hits="27" branch="true" condition-coverage="50% (2/4)">
							<conditions>
								<condition number="0" type="jump" coverage="50%"/>
								<condition number="1" type="jump" coverage="50%"/>
							</conditions>
						</line>
						<line number="128" hits="27" branch="true" condition-coverage="50% (2/4)">
							<conditions>
								<condition number="0" type="jump" coverage="50%"/>
								<condition number="1" type="jump" coverage="50%"/>
							</conditions>
						</line>
						<line number="130" hits="27" branch="false"/>
						<line number="132" hits="27" branch="false"/>
						<line number="133" hits="27" branch="false"/>
						<line number="135" hits="27" branch="false"/>
						<line number="136" hits="27" branch="false"/>
						<line number="138" hits="26" branch="false"/>
						<line number="139" hits="26" branch="false"/>
						<line number="141" hits="27" branch="true" condition-coverage="100% (2/2)">
							<conditions>
								<condition number="0" type="jump" coverage="100%"/>
							</conditions>
						</line>
						<line number="142" hits="1" branch="false"/>
						<line number="146" hits="26" branch="false"/>
						<line number="147" hits="26" branch="false"/>
						<line number="149" hits="26" branch="false"/>
						<line number="150" hits="26" branch="false"/>
						<line number="151" hits="26" branch="false"/>
						<line number="153" hits="26" branch="true" condition-coverage="75% (3/4)">
							<conditions>
								<condition number="0" type="jump" coverage="100%"/>
								<condition number="1" type="jump" coverage="50%"/>
							</conditions>
						</line>
						<line number="154" hits="0" branch="false"/>
						<line number="156" hits="26" branch="false"/>
						<line number="166" hits="27" branch="false"/>
						<line number="167" hits="27" branch="false"/>
						<line number="168" hits="27" branch="true" condition-coverage="50% (1/2)">
							<conditions>
								<condition number="0" type="jump" coverage="50%"/>
							</conditions>
						</line>
						<line number="169" hits="0" branch="false"/>
						<line number="170" hits="27" branch="false"/>
						<line number="171" hits="27" branch="false"/>
						<line number="172" hits="27" branch="false"/>
						<line number="173" hits="27" branch="false"/>
						<line number="175" hits="27" branch="false"/>
						<line number="176" hits="27" branch="false"/>
						<line number="177" hits="27" branch="false"/>
						<line number="178" hits="27" branch="false"/>
						<line number="179" hits="27" branch="false"/>
						<line number="180" hits="27" branch="false"/>
						<line number="181" hits="27" branch="false"/>
						<line number="182" hits="27" branch="false"/>
						<line number="183" hits="27" branch="false"/>
						<line number="186" hits="27" branch="true" condition-coverage="50% (1/2)">
							<conditions>
								<condition number="0" type="jump" coverage="50%"/>
							</conditions>
						</line>
						<line number="187" hits="0" branch="false"/>
						<line number="190" hits="27" branch="false"/>
						<line number="191" hits="27" branch="false"/>
						<line number="201" hits="26" branch="false"/>
						<line number="214" hits="0" branch="false"/>
						<line number="217" hits="0" branch="false"/>
						<line number="218" hits="0" branch="false"/>
						<line number="219" hits="0" branch="false"/>
						<line number="220" hits="0" branch="false"/>
						<line number="231" hits="0" branch="false"/>
						<line number="233" hits="0" branch="false"/>
						<line number="234" hits="0" branch="false"/>
						<line number="236" hits="0" branch="false"/>
						<line number="237" hits="0" branch="false"/>
						<line number="239" hits="0" branch="false"/>
						<line number="241" hits="0" branch="false"/>
						<line number="242" hits="0" branch="false"/>
						<line number="244" hits="0" branch="false"/>
						<line number="246" hits="0" branch="false"/>
						<line number="248" hits="0" branch="false"/>
						<line number="259" hits="0" branch="true" condition-coverage="0% (0/2)">
							<conditions>
								<condition number="0" type="jump" coverage="0%"/>
							</conditions>
						</line>
						<line number="260" hits="0" branch="false"/>
						<line number="262" hits="0" branch="false"/>
						<line number="274" hits="27" branch="false"/>
						<line number="275" hits="27" branch="false"/>
						<line number="276" hits="27" branch="false"/>
						<line number="278" hits="27" branch="true" condition-coverage="100% (2/2)">
							<conditions>
								<condition number="0" type="jump" coverage="100%"/>
							</conditions>
						</line>
						<line number="279" hits="2" branch="false"/>
						<line number="280" hits="2" branch="true" condition-coverage="100% (2/2)">
							<conditions>
								<condition number="0" type="jump" coverage="100%"/>
							</conditions>
						</line>
						<line number="281" hits="1" branch="false"/>
						<line number="283" hits="2" branch="false"/>
						<line number="285" hits="2" branch="false"/>
						<line number="286" hits="2" branch="false"/>
						<line number="287" hits="2" branch="true" condition-coverage="50% (1/2)">
							<conditions>
								<condition number="0" type="jump" coverage="50%"/>
							</conditions>
						</line>
						<line number="288" hits="0" branch="false"/>
						<line number="291" hits="2" branch="false"/>
						<line number="292" hits="2" branch="false"/>
						<line number="293" hits="25" branch="false"/>
						<line number="295" hits="27" branch="false"/>
						<line number="297" hits="27" branch="false"/>
						<line number="298" hits="27" branch="true" condition-coverage="50% (1/2)">
							<conditions>
								<condition number="0" type="jump" coverage="50%"/>
							</conditions>
						</line>
						<line number="299" hits="0" branch="false"/>
						<line number="301" hits="27" branch="false"/>
						<line number="302" hits="27" branch="false"/>
						<line number="305" hits="27" branch="false"/>
						<line number="317" hits="27" branch="false"/>
						<line number="318" hits="27" branch="false"/>
						<line number="320" hits="27" branch="false"/>
						<line number="321" hits="26" branch="false"/>
						<line number="322" hits="26" branch="false"/>
						<line number="325" hits="26" branch="false"/>
						<line number="336" hits="27" branch="false"/>
						<line number="337" hits="27" branch="false"/>
						<line number="338" hits="27" branch="false"/>
						<line number="349" hits="54" branch="false"/>
						<line number="350" hits="54" branch="false"/>
						<line number="352" hits="54" branch="false"/>
						<line number="353" hits="54" branch="true" condition-coverage="50% (1/2)">
							<conditions>
								<condition number="0" type="jump" coverage="50%"/>
							</conditions>
						</line>
						<line number="354" hits="0" branch="false"/>
						<line number="355" hits="54" branch="false"/>
						<line number="356" hits="54" branch="false"/>
						<line number="365" hits="0" branch="false"/>
						<line number="367" hits="0" branch="false"/>
						<line number="368" hits="0" branch="false"/>
						<line number="370" hits="0" branch="false"/>
						<line number="371" hits="0" branch="false"/>
						<line number="373" hits="0" branch="false"/>
						<line number="374" hits="0" branch="false"/>
						<line number="375" hits="0" branch="false"/>
						<line number="377" hits="0" branch="true" condition-coverage="0% (0/2)">
							<conditions>
								<condition number="0" type="jump" coverage="0%"/>
							</conditions>
						</line>
						<line number="378" hits="0" branch="false"/>
						<line number="380" hits="0" branch="false"/>
						<line number="388" hits="0" branch="false"/>
						<line number="391" hits="0" branch="false"/>
						<line number="392" hits="0" branch="true" condition-coverage="0% (0/2)">
							<conditions>
								<condition number="0" type="jump" coverage="0%"/>
							</conditions>
						</line>
						<line number="393" hits="0" branch="false"/>
						<line number="396" hits="0" branch="false"/>
						<line number="397" hits="0" branch="false"/>
						<line number="402" hits="1" branch="true" condition-coverage="50% (1/2)">
							<conditions>
								<condition number="0" type="jump" coverage="50%"/>
							</conditions>
						</line>
						<line number="404" hits="1" branch="false"/>
						<line number="405" hits="1" branch="false"/>
						<line number="406" hits="0" branch="false"/>
						<line number="407" hits="0" branch="false"/>
						<line number="408" hits="1" branch="false"/>
						<line number="409" hits="1" branch="false"/>
						<line number="412" hits="0" branch="false"/>
					</lines>
				</class>
				<class name="org.apache.hadoop.tools.DistCp$Cleanup" filename="org/apache/hadoop/tools/DistCp.java" line-rate="0.0" branch-rate="0.0" complexity="2.789473684210526">
					<methods>
						<method name="&lt;init&gt;" signature="(Lorg/apache/hadoop/tools/DistCp;)V" line-rate="0.0" branch-rate="1.0">
							<lines>
								<line number="418" hits="0" branch="false"/>
								<line number="419" hits="0" branch="false"/>
								<line number="420" hits="0" branch="false"/>
							</lines>
						</method>
						<method name="run" signature="()V" line-rate="0.0" branch-rate="0.0">
							<lines>
								<line number="424" hits="0" branch="true" condition-coverage="0% (0/2)">
									<conditions>
										<condition number="0" type="jump" coverage="0%"/>
									</conditions>
								</line>
								<line number="426" hits="0" branch="false"/>
								<line number="427" hits="0" branch="false"/>
							</lines>
						</method>
					</methods>
					<lines>
						<line number="418" hits="0" branch="false"/>
						<line number="419" hits="0" branch="false"/>
						<line number="420" hits="0" branch="false"/>
						<line number="424" hits="0" branch="true" condition-coverage="0% (0/2)">
							<conditions>
								<condition number="0" type="jump" coverage="0%"/>
							</conditions>
						</line>
						<line number="426" hits="0" branch="false"/>
						<line number="427" hits="0" branch="false"/>
					</lines>
				</class>
				<class name="org.apache.hadoop.tools.DistCpConstants" filename="org/apache/hadoop/tools/DistCpConstants.java" line-rate="0.0" branch-rate="1.0" complexity="0.0">
					<methods>
						<method name="&lt;init&gt;" signature="()V" line-rate="0.0" branch-rate="1.0">
							<lines>
								<line number="24" hits="0" branch="false"/>
							</lines>
						</method>
					</methods>
					<lines>
						<line number="24" hits="0" branch="false"/>
					</lines>
				</class>
				<class name="org.apache.hadoop.tools.DistCpOptionSwitch" filename="org/apache/hadoop/tools/DistCpOptionSwitch.java" line-rate="1.0" branch-rate="1.0" complexity="1.0">
					<methods>
						<method name="&lt;clinit&gt;" signature="()V" line-rate="1.0" branch-rate="1.0">
							<lines>
								<line number="28" hits="26" branch="false"/>
								<line number="34" hits="25" branch="false"/>
								<line number="40" hits="25" branch="false"/>
								<line number="52" hits="25" branch="false"/>
								<line number="62" hits="25" branch="false"/>
								<line number="72" hits="25" branch="false"/>
								<line number="81" hits="25" branch="false"/>
								<line number="89" hits="25" branch="false"/>
								<line number="97" hits="25" branch="false"/>
								<line number="106" hits="25" branch="false"/>
								<line number="112" hits="25" branch="false"/>
								<line number="118" hits="25" branch="false"/>
								<line number="125" hits="25" branch="false"/>
								<line number="133" hits="25" branch="false"/>
								<line number="140" hits="25" branch="false"/>
								<line number="147" hits="25" branch="false"/>
								<line number="150" hits="25" branch="false"/>
								<line number="154" hits="25" branch="false"/>
								<line number="161" hits="25" branch="false"/>
								<line number="167" hits="25" branch="false"/>
							</lines>
						</method>
						<method name="&lt;init&gt;" signature="(Ljava/lang/String;ILjava/lang/String;Lorg/apache/commons/cli/Option;)V" line-rate="1.0" branch-rate="1.0">
							<lines>
								<line number="173" hits="475" branch="false"/>
								<line number="174" hits="475" branch="false"/>
								<line number="175" hits="475" branch="false"/>
								<line number="176" hits="475" branch="false"/>
							</lines>
						</method>
						<method name="addToConf" signature="(Lorg/apache/hadoop/conf/Configuration;Lorg/apache/hadoop/tools/DistCpOptionSwitch;)V" line-rate="1.0" branch-rate="1.0">
							<lines>
								<line number="228" hits="1" branch="false"/>
								<line number="229" hits="1" branch="false"/>
							</lines>
						</method>
						<method name="addToConf" signature="(Lorg/apache/hadoop/conf/Configuration;Lorg/apache/hadoop/tools/DistCpOptionSwitch;Ljava/lang/String;)V" line-rate="1.0" branch-rate="1.0">
							<lines>
								<line number="218" hits="288" branch="false"/>
								<line number="219" hits="288" branch="false"/>
							</lines>
						</method>
						<method name="getConfigLabel" signature="()Ljava/lang/String;" line-rate="1.0" branch-rate="1.0">
							<lines>
								<line number="183" hits="1004" branch="false"/>
							</lines>
						</method>
						<method name="getOption" signature="()Lorg/apache/commons/cli/Option;" line-rate="1.0" branch-rate="1.0">
							<lines>
								<line number="191" hits="19" branch="false"/>
							</lines>
						</method>
						<method name="getSwitch" signature="()Ljava/lang/String;" line-rate="1.0" branch-rate="1.0">
							<lines>
								<line number="199" hits="1107" branch="false"/>
							</lines>
						</method>
						<method name="toString" signature="()Ljava/lang/String;" line-rate="1.0" branch-rate="1.0">
							<lines>
								<line number="204" hits="1" branch="false"/>
							</lines>
						</method>
						<method name="valueOf" signature="(Ljava/lang/String;)Lorg/apache/hadoop/tools/DistCpOptionSwitch;" line-rate="1.0" branch-rate="1.0">
							<lines>
							</lines>
						</method>
						<method name="values" signature="()[Lorg/apache/hadoop/tools/DistCpOptionSwitch;" line-rate="1.0" branch-rate="1.0">
							<lines>
							</lines>
						</method>
					</methods>
					<lines>
						<line number="28" hits="26" branch="false"/>
						<line number="34" hits="25" branch="false"/>
						<line number="40" hits="25" branch="false"/>
						<line number="52" hits="25" branch="false"/>
						<line number="62" hits="25" branch="false"/>
						<line number="72" hits="25" branch="false"/>
						<line number="81" hits="25" branch="false"/>
						<line number="89" hits="25" branch="false"/>
						<line number="97" hits="25" branch="false"/>
						<line number="106" hits="25" branch="false"/>
						<line number="112" hits="25" branch="false"/>
						<line number="118" hits="25" branch="false"/>
						<line number="125" hits="25" branch="false"/>
						<line number="133" hits="25" branch="false"/>
						<line number="140" hits="25" branch="false"/>
						<line number="147" hits="25" branch="false"/>
						<line number="150" hits="25" branch="false"/>
						<line number="154" hits="25" branch="false"/>
						<line number="161" hits="25" branch="false"/>
						<line number="167" hits="25" branch="false"/>
						<line number="173" hits="475" branch="false"/>
						<line number="174" hits="475" branch="false"/>
						<line number="175" hits="475" branch="false"/>
						<line number="176" hits="475" branch="false"/>
						<line number="183" hits="1004" branch="false"/>
						<line number="191" hits="19" branch="false"/>
						<line number="199" hits="1107" branch="false"/>
						<line number="204" hits="1" branch="false"/>
						<line number="218" hits="288" branch="false"/>
						<line number="219" hits="288" branch="false"/>
						<line number="228" hits="1" branch="false"/>
						<line number="229" hits="1" branch="false"/>
					</lines>
				</class>
				<class name="org.apache.hadoop.tools.DistCpOptions" filename="org/apache/hadoop/tools/DistCpOptions.java" line-rate="0.9682539682539683" branch-rate="0.7857142857142857" complexity="1.6458333333333333">
					<methods>
						<method name="&lt;clinit&gt;" signature="()V" line-rate="1.0" branch-rate="1.0">
							<lines>
								<line number="35" hits="9" branch="false"/>
							</lines>
						</method>
						<method name="&lt;init&gt;" signature="(Ljava/util/List;Lorg/apache/hadoop/fs/Path;)V" line-rate="1.0" branch-rate="0.5">
							<lines>
								<line number="94" hits="180" branch="false"/>
								<line number="95" hits="180" branch="true" condition-coverage="50% (3/6)">
									<conditions>
										<condition number="0" type="jump" coverage="50%"/>
										<condition number="1" type="jump" coverage="50%"/>
										<condition number="2" type="jump" coverage="50%"/>
									</conditions>
								</line>
								<line number="96" hits="180" branch="true" condition-coverage="50% (2/4)">
									<conditions>
										<condition number="0" type="jump" coverage="50%"/>
										<condition number="1" type="jump" coverage="50%"/>
									</conditions>
								</line>
								<line number="98" hits="180" branch="false"/>
								<line number="99" hits="180" branch="false"/>
								<line number="100" hits="180" branch="false"/>
							</lines>
						</method>
						<method name="&lt;init&gt;" signature="(Lorg/apache/hadoop/fs/Path;Lorg/apache/hadoop/fs/Path;)V" line-rate="1.0" branch-rate="0.5">
							<lines>
								<line number="37" hits="258" branch="false"/>
								<line number="38" hits="258" branch="false"/>
								<line number="39" hits="258" branch="false"/>
								<line number="40" hits="258" branch="false"/>
								<line number="41" hits="258" branch="false"/>
								<line number="42" hits="258" branch="false"/>
								<line number="43" hits="258" branch="false"/>
								<line number="44" hits="258" branch="false"/>
								<line number="45" hits="258" branch="false"/>
								<line number="46" hits="258" branch="false"/>
								<line number="56" hits="258" branch="false"/>
								<line number="57" hits="258" branch="false"/>
								<line number="61" hits="258" branch="false"/>
								<line number="63" hits="258" branch="false"/>
								<line number="119" hits="78" branch="false"/>
								<line number="120" hits="78" branch="true" condition-coverage="50% (2/4)">
									<conditions>
										<condition number="0" type="jump" coverage="50%"/>
										<condition number="1" type="jump" coverage="50%"/>
									</conditions>
								</line>
								<line number="121" hits="78" branch="true" condition-coverage="50% (2/4)">
									<conditions>
										<condition number="0" type="jump" coverage="50%"/>
										<condition number="1" type="jump" coverage="50%"/>
									</conditions>
								</line>
								<line number="123" hits="78" branch="false"/>
								<line number="124" hits="78" branch="false"/>
								<line number="125" hits="78" branch="false"/>
							</lines>
						</method>
						<method name="appendToConf" signature="(Lorg/apache/hadoop/conf/Configuration;)V" line-rate="1.0" branch-rate="1.0">
							<lines>
								<line number="513" hits="32" branch="false"/>
								<line number="515" hits="32" branch="false"/>
								<line number="517" hits="32" branch="false"/>
								<line number="519" hits="32" branch="false"/>
								<line number="521" hits="32" branch="false"/>
								<line number="523" hits="32" branch="false"/>
								<line number="525" hits="32" branch="false"/>
								<line number="527" hits="32" branch="false"/>
								<line number="529" hits="32" branch="false"/>
								<line number="531" hits="32" branch="false"/>
							</lines>
						</method>
						<method name="clone" signature="()Ljava/lang/Object;" line-rate="1.0" branch-rate="1.0">
							<lines>
							</lines>
						</method>
						<method name="clone" signature="()Lorg/apache/hadoop/tools/DistCpOptions;" line-rate="0.0" branch-rate="1.0">
							<lines>
								<line number="557" hits="0" branch="false"/>
							</lines>
						</method>
						<method name="getAtomicWorkPath" signature="()Lorg/apache/hadoop/fs/Path;" line-rate="1.0" branch-rate="1.0">
							<lines>
								<line number="388" hits="5" branch="false"/>
							</lines>
						</method>
						<method name="getCopyStrategy" signature="()Ljava/lang/String;" line-rate="1.0" branch-rate="1.0">
							<lines>
								<line number="426" hits="30" branch="false"/>
							</lines>
						</method>
						<method name="getLogPath" signature="()Lorg/apache/hadoop/fs/Path;" line-rate="1.0" branch-rate="1.0">
							<lines>
								<line number="407" hits="2" branch="false"/>
							</lines>
						</method>
						<method name="getMapBandwidth" signature="()I" line-rate="1.0" branch-rate="1.0">
							<lines>
								<line number="301" hits="3" branch="false"/>
							</lines>
						</method>
						<method name="getMaxMaps" signature="()I" line-rate="1.0" branch-rate="1.0">
							<lines>
								<line number="284" hits="30" branch="false"/>
							</lines>
						</method>
						<method name="getOutPutDirectory" signature="()Lorg/apache/hadoop/fs/Path;" line-rate="1.0" branch-rate="1.0">
							<lines>
								<line number="470" hits="27" branch="false"/>
							</lines>
						</method>
						<method name="getSourceFileListing" signature="()Lorg/apache/hadoop/fs/Path;" line-rate="1.0" branch-rate="1.0">
							<lines>
								<line number="446" hits="95" branch="false"/>
							</lines>
						</method>
						<method name="getSourcePaths" signature="()Ljava/util/List;" line-rate="1.0" branch-rate="1.0">
							<lines>
								<line number="454" hits="637" branch="false"/>
							</lines>
						</method>
						<method name="getSslConfigurationFile" signature="()Ljava/lang/String;" line-rate="1.0" branch-rate="1.0">
							<lines>
								<line number="336" hits="29" branch="false"/>
							</lines>
						</method>
						<method name="getTargetPath" signature="()Lorg/apache/hadoop/fs/Path;" line-rate="1.0" branch-rate="1.0">
							<lines>
								<line number="462" hits="378" branch="false"/>
							</lines>
						</method>
						<method name="isSkipPathValidation" signature="()Z" line-rate="1.0" branch-rate="1.0">
							<lines>
								<line number="103" hits="209" branch="false"/>
							</lines>
						</method>
						<method name="isUseSimpleFileListing" signature="()Z" line-rate="1.0" branch-rate="1.0">
							<lines>
								<line number="49" hits="154" branch="false"/>
							</lines>
						</method>
						<method name="preserve" signature="(Lorg/apache/hadoop/tools/DistCpOptions$FileAttribute;)V" line-rate="1.0" branch-rate="1.0">
							<lines>
								<line number="374" hits="26" branch="true" condition-coverage="100% (2/2)">
									<conditions>
										<condition number="0" type="jump" coverage="100%"/>
									</conditions>
								</line>
								<line number="375" hits="42" branch="true" condition-coverage="100% (2/2)">
									<conditions>
										<condition number="0" type="jump" coverage="100%"/>
									</conditions>
								</line>
								<line number="376" hits="1" branch="false"/>
								<line number="378" hits="41" branch="false"/>
								<line number="379" hits="25" branch="false"/>
								<line number="380" hits="25" branch="false"/>
							</lines>
						</method>
						<method name="preserveAttributes" signature="()Ljava/util/Iterator;" line-rate="1.0" branch-rate="1.0">
							<lines>
								<line number="354" hits="1" branch="false"/>
							</lines>
						</method>
						<method name="setAtomicCommit" signature="(Z)V" line-rate="1.0" branch-rate="1.0">
							<lines>
								<line number="142" hits="8" branch="false"/>
								<line number="143" hits="8" branch="false"/>
								<line number="144" hits="8" branch="false"/>
							</lines>
						</method>
						<method name="setAtomicWorkPath" signature="(Lorg/apache/hadoop/fs/Path;)V" line-rate="1.0" branch-rate="1.0">
							<lines>
								<line number="397" hits="2" branch="false"/>
								<line number="398" hits="2" branch="false"/>
							</lines>
						</method>
						<method name="setBlocking" signature="(Z)V" line-rate="1.0" branch-rate="1.0">
							<lines>
								<line number="235" hits="3" branch="false"/>
								<line number="236" hits="3" branch="false"/>
							</lines>
						</method>
						<method name="setCopyStrategy" signature="(Ljava/lang/String;)V" line-rate="1.0" branch-rate="1.0">
							<lines>
								<line number="436" hits="3" branch="false"/>
								<line number="437" hits="3" branch="false"/>
							</lines>
						</method>
						<method name="setDeleteMissing" signature="(Z)V" line-rate="1.0" branch-rate="1.0">
							<lines>
								<line number="180" hits="131" branch="false"/>
								<line number="181" hits="130" branch="false"/>
								<line number="182" hits="130" branch="false"/>
							</lines>
						</method>
						<method name="setIgnoreFailures" signature="(Z)V" line-rate="1.0" branch-rate="1.0">
							<lines>
								<line number="217" hits="2" branch="false"/>
								<line number="218" hits="2" branch="false"/>
							</lines>
						</method>
						<method name="setLogPath" signature="(Lorg/apache/hadoop/fs/Path;)V" line-rate="1.0" branch-rate="1.0">
							<lines>
								<line number="417" hits="1" branch="false"/>
								<line number="418" hits="1" branch="false"/>
							</lines>
						</method>
						<method name="setMapBandwidth" signature="(I)V" line-rate="0.75" branch-rate="0.5">
							<lines>
								<line number="310" hits="2" branch="true" condition-coverage="50% (1/2)">
									<conditions>
										<condition number="0" type="jump" coverage="50%"/>
									</conditions>
								</line>
								<line number="311" hits="0" branch="false"/>
								<line number="314" hits="2" branch="false"/>
								<line number="315" hits="2" branch="false"/>
							</lines>
						</method>
						<method name="setMapBandwidthKB" signature="(I)V" line-rate="0.75" branch-rate="0.5">
							<lines>
								<line number="323" hits="1" branch="true" condition-coverage="50% (1/2)">
									<conditions>
										<condition number="0" type="jump" coverage="50%"/>
									</conditions>
								</line>
								<line number="324" hits="0" branch="false"/>
								<line number="327" hits="1" branch="false"/>
								<line number="328" hits="1" branch="false"/>
							</lines>
						</method>
						<method name="setMaxMaps" signature="(I)V" line-rate="1.0" branch-rate="1.0">
							<lines>
								<line number="293" hits="2" branch="false"/>
								<line number="294" hits="2" branch="false"/>
							</lines>
						</method>
						<method name="setOutPutDirectory" signature="(Lorg/apache/hadoop/fs/Path;)V" line-rate="1.0" branch-rate="1.0">
							<lines>
								<line number="466" hits="27" branch="false"/>
								<line number="467" hits="27" branch="false"/>
							</lines>
						</method>
						<method name="setOverwrite" signature="(Z)V" line-rate="1.0" branch-rate="1.0">
							<lines>
								<line number="254" hits="128" branch="false"/>
								<line number="255" hits="127" branch="false"/>
								<line number="256" hits="127" branch="false"/>
							</lines>
						</method>
						<method name="setPreserveSrcPath" signature="(Z)V" line-rate="1.0" branch-rate="1.0">
							<lines>
								<line number="199" hits="125" branch="false"/>
								<line number="200" hits="125" branch="false"/>
							</lines>
						</method>
						<method name="setSkipCRC" signature="(Z)V" line-rate="1.0" branch-rate="1.0">
							<lines>
								<line number="275" hits="1" branch="false"/>
								<line number="276" hits="1" branch="false"/>
								<line number="277" hits="1" branch="false"/>
							</lines>
						</method>
						<method name="setSkipPathValidation" signature="(Z)V" line-rate="1.0" branch-rate="1.0">
							<lines>
								<line number="107" hits="125" branch="false"/>
								<line number="108" hits="125" branch="false"/>
							</lines>
						</method>
						<method name="setSslConfigurationFile" signature="(Ljava/lang/String;)V" line-rate="1.0" branch-rate="1.0">
							<lines>
								<line number="345" hits="1" branch="false"/>
								<line number="346" hits="1" branch="false"/>
							</lines>
						</method>
						<method name="setSyncFolder" signature="(Z)V" line-rate="1.0" branch-rate="1.0">
							<lines>
								<line number="161" hits="199" branch="false"/>
								<line number="162" hits="198" branch="false"/>
								<line number="163" hits="198" branch="false"/>
							</lines>
						</method>
						<method name="setUseSimpleFileListing" signature="(Z)V" line-rate="1.0" branch-rate="1.0">
							<lines>
								<line number="53" hits="125" branch="false"/>
								<line number="54" hits="125" branch="false"/>
							</lines>
						</method>
						<method name="shouldAtomicCommit" signature="()Z" line-rate="1.0" branch-rate="1.0">
							<lines>
								<line number="133" hits="31" branch="false"/>
							</lines>
						</method>
						<method name="shouldBlock" signature="()Z" line-rate="1.0" branch-rate="1.0">
							<lines>
								<line number="226" hits="28" branch="false"/>
							</lines>
						</method>
						<method name="shouldDeleteMissing" signature="()Z" line-rate="1.0" branch-rate="1.0">
							<lines>
								<line number="171" hits="128" branch="false"/>
							</lines>
						</method>
						<method name="shouldIgnoreFailures" signature="()Z" line-rate="1.0" branch-rate="1.0">
							<lines>
								<line number="208" hits="2" branch="false"/>
							</lines>
						</method>
						<method name="shouldOverwrite" signature="()Z" line-rate="1.0" branch-rate="1.0">
							<lines>
								<line number="245" hits="171" branch="false"/>
							</lines>
						</method>
						<method name="shouldPreserve" signature="(Lorg/apache/hadoop/tools/DistCpOptions$FileAttribute;)Z" line-rate="1.0" branch-rate="1.0">
							<lines>
								<line number="364" hits="28" branch="false"/>
							</lines>
						</method>
						<method name="shouldPreserveSrcPath" signature="()Z" line-rate="1.0" branch-rate="1.0">
							<lines>
								<line number="190" hits="1415" branch="false"/>
							</lines>
						</method>
						<method name="shouldSkipCRC" signature="()Z" line-rate="1.0" branch-rate="1.0">
							<lines>
								<line number="265" hits="2" branch="false"/>
							</lines>
						</method>
						<method name="shouldSyncFolder" signature="()Z" line-rate="1.0" branch-rate="1.0">
							<lines>
								<line number="152" hits="233" branch="false"/>
							</lines>
						</method>
						<method name="toString" signature="()Ljava/lang/String;" line-rate="1.0" branch-rate="1.0">
							<lines>
								<line number="540" hits="1" branch="false"/>
							</lines>
						</method>
						<method name="validate" signature="(Lorg/apache/hadoop/tools/DistCpOptionSwitch;Z)V" line-rate="0.9285714285714286" branch-rate="0.9666666666666667">
							<lines>
								<line number="475" hits="467" branch="true" condition-coverage="100% (2/2)">
									<conditions>
										<condition number="0" type="jump" coverage="100%"/>
									</conditions>
								</line>
								<line number="477" hits="467" branch="true" condition-coverage="100% (2/2)">
									<conditions>
										<condition number="0" type="jump" coverage="100%"/>
									</conditions>
								</line>
								<line number="479" hits="467" branch="true" condition-coverage="100% (2/2)">
									<conditions>
										<condition number="0" type="jump" coverage="100%"/>
									</conditions>
								</line>
								<line number="481" hits="467" branch="true" condition-coverage="100% (2/2)">
									<conditions>
										<condition number="0" type="jump" coverage="100%"/>
									</conditions>
								</line>
								<line number="483" hits="467" branch="true" condition-coverage="100% (2/2)">
									<conditions>
										<condition number="0" type="jump" coverage="100%"/>
									</conditions>
								</line>
								<line number="486" hits="467" branch="true" condition-coverage="100% (6/6)">
									<conditions>
										<condition number="0" type="jump" coverage="100%"/>
										<condition number="1" type="jump" coverage="100%"/>
										<condition number="2" type="jump" coverage="100%"/>
									</conditions>
								</line>
								<line number="487" hits="1" branch="false"/>
								<line number="491" hits="466" branch="true" condition-coverage="100% (6/6)">
									<conditions>
										<condition number="0" type="jump" coverage="100%"/>
										<condition number="1" type="jump" coverage="100%"/>
										<condition number="2" type="jump" coverage="100%"/>
									</conditions>
								</line>
								<line number="492" hits="1" branch="false"/>
								<line number="496" hits="465" branch="true" condition-coverage="100% (4/4)">
									<conditions>
										<condition number="0" type="jump" coverage="100%"/>
										<condition number="1" type="jump" coverage="100%"/>
									</conditions>
								</line>
								<line number="497" hits="1" branch="false"/>
								<line number="501" hits="464" branch="true" condition-coverage="75% (3/4)">
									<conditions>
										<condition number="0" type="jump" coverage="100%"/>
										<condition number="1" type="jump" coverage="50%"/>
									</conditions>
								</line>
								<line number="502" hits="0" branch="false"/>
								<line number="505" hits="464" branch="false"/>
							</lines>
						</method>
					</methods>
					<lines>
						<line number="35" hits="9" branch="false"/>
						<line number="37" hits="258" branch="false"/>
						<line number="38" hits="258" branch="false"/>
						<line number="39" hits="258" branch="false"/>
						<line number="40" hits="258" branch="false"/>
						<line number="41" hits="258" branch="false"/>
						<line number="42" hits="258" branch="false"/>
						<line number="43" hits="258" branch="false"/>
						<line number="44" hits="258" branch="false"/>
						<line number="45" hits="258" branch="false"/>
						<line number="46" hits="258" branch="false"/>
						<line number="49" hits="154" branch="false"/>
						<line number="53" hits="125" branch="false"/>
						<line number="54" hits="125" branch="false"/>
						<line number="56" hits="258" branch="false"/>
						<line number="57" hits="258" branch="false"/>
						<line number="61" hits="258" branch="false"/>
						<line number="63" hits="258" branch="false"/>
						<line number="94" hits="180" branch="false"/>
						<line number="95" hits="180" branch="true" condition-coverage="50% (3/6)">
							<conditions>
								<condition number="0" type="jump" coverage="50%"/>
								<condition number="1" type="jump" coverage="50%"/>
								<condition number="2" type="jump" coverage="50%"/>
							</conditions>
						</line>
						<line number="96" hits="180" branch="true" condition-coverage="50% (2/4)">
							<conditions>
								<condition number="0" type="jump" coverage="50%"/>
								<condition number="1" type="jump" coverage="50%"/>
							</conditions>
						</line>
						<line number="98" hits="180" branch="false"/>
						<line number="99" hits="180" branch="false"/>
						<line number="100" hits="180" branch="false"/>
						<line number="103" hits="209" branch="false"/>
						<line number="107" hits="125" branch="false"/>
						<line number="108" hits="125" branch="false"/>
						<line number="119" hits="78" branch="false"/>
						<line number="120" hits="78" branch="true" condition-coverage="50% (2/4)">
							<conditions>
								<condition number="0" type="jump" coverage="50%"/>
								<condition number="1" type="jump" coverage="50%"/>
							</conditions>
						</line>
						<line number="121" hits="78" branch="true" condition-coverage="50% (2/4)">
							<conditions>
								<condition number="0" type="jump" coverage="50%"/>
								<condition number="1" type="jump" coverage="50%"/>
							</conditions>
						</line>
						<line number="123" hits="78" branch="false"/>
						<line number="124" hits="78" branch="false"/>
						<line number="125" hits="78" branch="false"/>
						<line number="133" hits="31" branch="false"/>
						<line number="142" hits="8" branch="false"/>
						<line number="143" hits="8" branch="false"/>
						<line number="144" hits="8" branch="false"/>
						<line number="152" hits="233" branch="false"/>
						<line number="161" hits="199" branch="false"/>
						<line number="162" hits="198" branch="false"/>
						<line number="163" hits="198" branch="false"/>
						<line number="171" hits="128" branch="false"/>
						<line number="180" hits="131" branch="false"/>
						<line number="181" hits="130" branch="false"/>
						<line number="182" hits="130" branch="false"/>
						<line number="190" hits="1415" branch="false"/>
						<line number="199" hits="125" branch="false"/>
						<line number="200" hits="125" branch="false"/>
						<line number="208" hits="2" branch="false"/>
						<line number="217" hits="2" branch="false"/>
						<line number="218" hits="2" branch="false"/>
						<line number="226" hits="28" branch="false"/>
						<line number="235" hits="3" branch="false"/>
						<line number="236" hits="3" branch="false"/>
						<line number="245" hits="171" branch="false"/>
						<line number="254" hits="128" branch="false"/>
						<line number="255" hits="127" branch="false"/>
						<line number="256" hits="127" branch="false"/>
						<line number="265" hits="2" branch="false"/>
						<line number="275" hits="1" branch="false"/>
						<line number="276" hits="1" branch="false"/>
						<line number="277" hits="1" branch="false"/>
						<line number="284" hits="30" branch="false"/>
						<line number="293" hits="2" branch="false"/>
						<line number="294" hits="2" branch="false"/>
						<line number="301" hits="3" branch="false"/>
						<line number="310" hits="2" branch="true" condition-coverage="50% (1/2)">
							<conditions>
								<condition number="0" type="jump" coverage="50%"/>
							</conditions>
						</line>
						<line number="311" hits="0" branch="false"/>
						<line number="314" hits="2" branch="false"/>
						<line number="315" hits="2" branch="false"/>
						<line number="323" hits="1" branch="true" condition-coverage="50% (1/2)">
							<conditions>
								<condition number="0" type="jump" coverage="50%"/>
							</conditions>
						</line>
						<line number="324" hits="0" branch="false"/>
						<line number="327" hits="1" branch="false"/>
						<line number="328" hits="1" branch="false"/>
						<line number="336" hits="29" branch="false"/>
						<line number="345" hits="1" branch="false"/>
						<line number="346" hits="1" branch="false"/>
						<line number="354" hits="1" branch="false"/>
						<line number="364" hits="28" branch="false"/>
						<line number="374" hits="26" branch="true" condition-coverage="100% (2/2)">
							<conditions>
								<condition number="0" type="jump" coverage="100%"/>
							</conditions>
						</line>
						<line number="375" hits="42" branch="true" condition-coverage="100% (2/2)">
							<conditions>
								<condition number="0" type="jump" coverage="100%"/>
							</conditions>
						</line>
						<line number="376" hits="1" branch="false"/>
						<line number="378" hits="41" branch="false"/>
						<line number="379" hits="25" branch="false"/>
						<line number="380" hits="25" branch="false"/>
						<line number="388" hits="5" branch="false"/>
						<line number="397" hits="2" branch="false"/>
						<line number="398" hits="2" branch="false"/>
						<line number="407" hits="2" branch="false"/>
						<line number="417" hits="1" branch="false"/>
						<line number="418" hits="1" branch="false"/>
						<line number="426" hits="30" branch="false"/>
						<line number="436" hits="3" branch="false"/>
						<line number="437" hits="3" branch="false"/>
						<line number="446" hits="95" branch="false"/>
						<line number="454" hits="637" branch="false"/>
						<line number="462" hits="378" branch="false"/>
						<line number="466" hits="27" branch="false"/>
						<line number="467" hits="27" branch="false"/>
						<line number="470" hits="27" branch="false"/>
						<line number="475" hits="467" branch="true" condition-coverage="100% (2/2)">
							<conditions>
								<condition number="0" type="jump" coverage="100%"/>
							</conditions>
						</line>
						<line number="477" hits="467" branch="true" condition-coverage="100% (2/2)">
							<conditions>
								<condition number="0" type="jump" coverage="100%"/>
							</conditions>
						</line>
						<line number="479" hits="467" branch="true" condition-coverage="100% (2/2)">
							<conditions>
								<condition number="0" type="jump" coverage="100%"/>
							</conditions>
						</line>
						<line number="481" hits="467" branch="true" condition-coverage="100% (2/2)">
							<conditions>
								<condition number="0" type="jump" coverage="100%"/>
							</conditions>
						</line>
						<line number="483" hits="467" branch="true" condition-coverage="100% (2/2)">
							<conditions>
								<condition number="0" type="jump" coverage="100%"/>
							</conditions>
						</line>
						<line number="486" hits="467" branch="true" condition-coverage="100% (6/6)">
							<conditions>
								<condition number="0" type="jump" coverage="100%"/>
								<condition number="1" type="jump" coverage="100%"/>
								<condition number="2" type="jump" coverage="100%"/>
							</conditions>
						</line>
						<line number="487" hits="1" branch="false"/>
						<line number="491" hits="466" branch="true" condition-coverage="100% (6/6)">
							<conditions>
								<condition number="0" type="jump" coverage="100%"/>
								<condition number="1" type="jump" coverage="100%"/>
								<condition number="2" type="jump" coverage="100%"/>
							</conditions>
						</line>
						<line number="492" hits="1" branch="false"/>
						<line number="496" hits="465" branch="true" condition-coverage="100% (4/4)">
							<conditions>
								<condition number="0" type="jump" coverage="100%"/>
								<condition number="1" type="jump" coverage="100%"/>
							</conditions>
						</line>
						<line number="497" hits="1" branch="false"/>
						<line number="501" hits="464" branch="true" condition-coverage="75% (3/4)">
							<conditions>
								<condition number="0" type="jump" coverage="100%"/>
								<condition number="1" type="jump" coverage="50%"/>
							</conditions>
						</line>
						<line number="502" hits="0" branch="false"/>
						<line number="505" hits="464" branch="false"/>
						<line number="513" hits="32" branch="false"/>
						<line number="515" hits="32" branch="false"/>
						<line number="517" hits="32" branch="false"/>
						<line number="519" hits="32" branch="false"/>
						<line number="521" hits="32" branch="false"/>
						<line number="523" hits="32" branch="false"/>
						<line number="525" hits="32" branch="false"/>
						<line number="527" hits="32" branch="false"/>
						<line number="529" hits="32" branch="false"/>
						<line number="531" hits="32" branch="false"/>
						<line number="540" hits="1" branch="false"/>
						<line number="557" hits="0" branch="false"/>
					</lines>
				</class>
				<class name="org.apache.hadoop.tools.DistCpOptions$FileAttribute" filename="org/apache/hadoop/tools/DistCpOptions.java" line-rate="1.0" branch-rate="1.0" complexity="1.6458333333333333">
					<methods>
						<method name="&lt;clinit&gt;" signature="()V" line-rate="1.0" branch-rate="1.0">
							<lines>
								<line number="75" hits="375" branch="false"/>
								<line number="76" hits="26" branch="false"/>
							</lines>
						</method>
						<method name="&lt;init&gt;" signature="(Ljava/lang/String;I)V" line-rate="1.0" branch-rate="1.0">
							<lines>
							</lines>
						</method>
						<method name="getAttribute" signature="(C)Lorg/apache/hadoop/tools/DistCpOptions$FileAttribute;" line-rate="1.0" branch-rate="1.0">
							<lines>
								<line number="79" hits="465" branch="true" condition-coverage="100% (2/2)">
									<conditions>
										<condition number="0" type="jump" coverage="100%"/>
									</conditions>
								</line>
								<line number="80" hits="464" branch="true" condition-coverage="100% (2/2)">
									<conditions>
										<condition number="0" type="jump" coverage="100%"/>
									</conditions>
								</line>
								<line number="81" hits="192" branch="false"/>
								<line number="84" hits="1" branch="false"/>
							</lines>
						</method>
						<method name="valueOf" signature="(Ljava/lang/String;)Lorg/apache/hadoop/tools/DistCpOptions$FileAttribute;" line-rate="1.0" branch-rate="1.0">
							<lines>
							</lines>
						</method>
						<method name="values" signature="()[Lorg/apache/hadoop/tools/DistCpOptions$FileAttribute;" line-rate="1.0" branch-rate="1.0">
							<lines>
							</lines>
						</method>
					</methods>
					<lines>
						<line number="75" hits="375" branch="false"/>
						<line number="76" hits="26" branch="false"/>
						<line number="79" hits="465" branch="true" condition-coverage="100% (2/2)">
							<conditions>
								<condition number="0" type="jump" coverage="100%"/>
							</conditions>
						</line>
						<line number="80" hits="464" branch="true" condition-coverage="100% (2/2)">
							<conditions>
								<condition number="0" type="jump" coverage="100%"/>
							</conditions>
						</line>
						<line number="81" hits="192" branch="false"/>
						<line number="84" hits="1" branch="false"/>
					</lines>
				</class>
				<class name="org.apache.hadoop.tools.FileBasedCopyListing" filename="org/apache/hadoop/tools/FileBasedCopyListing.java" line-rate="1.0" branch-rate="1.0" complexity="1.1666666666666667">
					<methods>
						<method name="&lt;init&gt;" signature="(Lorg/apache/hadoop/conf/Configuration;Lorg/apache/hadoop/security/Credentials;)V" line-rate="1.0" branch-rate="1.0">
							<lines>
								<line number="48" hits="47" branch="false"/>
								<line number="49" hits="47" branch="false"/>
								<line number="50" hits="47" branch="false"/>
							</lines>
						</method>
						<method name="doBuildListing" signature="(Lorg/apache/hadoop/fs/Path;Lorg/apache/hadoop/tools/DistCpOptions;)V" line-rate="1.0" branch-rate="1.0">
							<lines>
								<line number="68" hits="47" branch="false"/>
								<line number="70" hits="47" branch="false"/>
								<line number="72" hits="47" branch="false"/>
								<line number="73" hits="47" branch="false"/>
								<line number="74" hits="47" branch="false"/>
								<line number="75" hits="47" branch="false"/>
								<line number="76" hits="47" branch="false"/>
								<line number="77" hits="47" branch="false"/>
								<line number="79" hits="47" branch="false"/>
								<line number="80" hits="47" branch="false"/>
							</lines>
						</method>
						<method name="fetchFileList" signature="(Lorg/apache/hadoop/fs/Path;Lorg/apache/hadoop/conf/Configuration;)Ljava/util/List;" line-rate="1.0" branch-rate="1.0">
							<lines>
								<line number="84" hits="65" branch="false"/>
								<line number="85" hits="65" branch="false"/>
								<line number="86" hits="65" branch="false"/>
								<line number="88" hits="65" branch="false"/>
								<line number="89" hits="65" branch="false"/>
								<line number="90" hits="166" branch="true" condition-coverage="100% (2/2)">
									<conditions>
										<condition number="0" type="jump" coverage="100%"/>
									</conditions>
								</line>
								<line number="91" hits="101" branch="false"/>
								<line number="92" hits="101" branch="false"/>
								<line number="95" hits="65" branch="false"/>
								<line number="96" hits="65" branch="false"/>
								<line number="97" hits="65" branch="false"/>
							</lines>
						</method>
						<method name="getBytesToCopy" signature="()J" line-rate="1.0" branch-rate="1.0">
							<lines>
								<line number="103" hits="70" branch="false"/>
							</lines>
						</method>
						<method name="getNumberOfPaths" signature="()J" line-rate="1.0" branch-rate="1.0">
							<lines>
								<line number="109" hits="70" branch="false"/>
							</lines>
						</method>
						<method name="validatePaths" signature="(Lorg/apache/hadoop/tools/DistCpOptions;)V" line-rate="1.0" branch-rate="1.0">
							<lines>
								<line number="56" hits="47" branch="false"/>
							</lines>
						</method>
					</methods>
					<lines>
						<line number="48" hits="47" branch="false"/>
						<line number="49" hits="47" branch="false"/>
						<line number="50" hits="47" branch="false"/>
						<line number="56" hits="47" branch="false"/>
						<line number="68" hits="47" branch="false"/>
						<line number="70" hits="47" branch="false"/>
						<line number="72" hits="47" branch="false"/>
						<line number="73" hits="47" branch="false"/>
						<line number="74" hits="47" branch="false"/>
						<line number="75" hits="47" branch="false"/>
						<line number="76" hits="47" branch="false"/>
						<line number="77" hits="47" branch="false"/>
						<line number="79" hits="47" branch="false"/>
						<line number="80" hits="47" branch="false"/>
						<line number="84" hits="65" branch="false"/>
						<line number="85" hits="65" branch="false"/>
						<line number="86" hits="65" branch="false"/>
						<line number="88" hits="65" branch="false"/>
						<line number="89" hits="65" branch="false"/>
						<line number="90" hits="166" branch="true" condition-coverage="100% (2/2)">
							<conditions>
								<condition number="0" type="jump" coverage="100%"/>
							</conditions>
						</line>
						<line number="91" hits="101" branch="false"/>
						<line number="92" hits="101" branch="false"/>
						<line number="95" hits="65" branch="false"/>
						<line number="96" hits="65" branch="false"/>
						<line number="97" hits="65" branch="false"/>
						<line number="103" hits="70" branch="false"/>
						<line number="109" hits="70" branch="false"/>
					</lines>
				</class>
				<class name="org.apache.hadoop.tools.GlobbedCopyListing" filename="org/apache/hadoop/tools/GlobbedCopyListing.java" line-rate="0.9259259259259259" branch-rate="0.7" complexity="2.4">
					<methods>
						<method name="&lt;clinit&gt;" signature="()V" line-rate="1.0" branch-rate="1.0">
							<lines>
								<line number="38" hits="7" branch="false"/>
							</lines>
						</method>
						<method name="&lt;init&gt;" signature="(Lorg/apache/hadoop/conf/Configuration;Lorg/apache/hadoop/security/Credentials;)V" line-rate="1.0" branch-rate="1.0">
							<lines>
								<line number="48" hits="61" branch="false"/>
								<line number="49" hits="61" branch="false"/>
								<line number="50" hits="61" branch="false"/>
							</lines>
						</method>
						<method name="doBuildListing" signature="(Lorg/apache/hadoop/fs/Path;Lorg/apache/hadoop/tools/DistCpOptions;)V" line-rate="0.9" branch-rate="0.7">
							<lines>
								<line number="70" hits="61" branch="false"/>
								<line number="71" hits="61" branch="true" condition-coverage="50% (1/2)">
									<conditions>
										<condition number="0" type="jump" coverage="50%"/>
									</conditions>
								</line>
								<line number="72" hits="0" branch="false"/>
								<line number="75" hits="61" branch="true" condition-coverage="100% (2/2)">
									<conditions>
										<condition number="0" type="jump" coverage="100%"/>
									</conditions>
								</line>
								<line number="76" hits="86" branch="false"/>
								<line number="77" hits="85" branch="false"/>
								<line number="79" hits="85" branch="true" condition-coverage="50% (2/4)">
									<conditions>
										<condition number="0" type="jump" coverage="50%"/>
										<condition number="1" type="jump" coverage="50%"/>
									</conditions>
								</line>
								<line number="80" hits="193" branch="true" condition-coverage="100% (2/2)">
									<conditions>
										<condition number="0" type="jump" coverage="100%"/>
									</conditions>
								</line>
								<line number="81" hits="108" branch="false"/>
								<line number="84" hits="0" branch="false"/>
								<line number="86" hits="85" branch="false"/>
								<line number="88" hits="60" branch="false"/>
								<line number="89" hits="60" branch="false"/>
								<line number="90" hits="60" branch="false"/>
								<line number="91" hits="60" branch="false"/>
								<line number="92" hits="60" branch="false"/>
								<line number="93" hits="60" branch="false"/>
								<line number="94" hits="60" branch="false"/>
								<line number="96" hits="60" branch="false"/>
								<line number="97" hits="59" branch="false"/>
							</lines>
						</method>
						<method name="getBytesToCopy" signature="()J" line-rate="1.0" branch-rate="1.0">
							<lines>
								<line number="102" hits="132" branch="false"/>
							</lines>
						</method>
						<method name="getNumberOfPaths" signature="()J" line-rate="1.0" branch-rate="1.0">
							<lines>
								<line number="108" hits="132" branch="false"/>
							</lines>
						</method>
						<method name="validatePaths" signature="(Lorg/apache/hadoop/tools/DistCpOptions;)V" line-rate="1.0" branch-rate="1.0">
							<lines>
								<line number="56" hits="61" branch="false"/>
							</lines>
						</method>
					</methods>
					<lines>
						<line number="38" hits="7" branch="false"/>
						<line number="48" hits="61" branch="false"/>
						<line number="49" hits="61" branch="false"/>
						<line number="50" hits="61" branch="false"/>
						<line number="56" hits="61" branch="false"/>
						<line number="70" hits="61" branch="false"/>
						<line number="71" hits="61" branch="true" condition-coverage="50% (1/2)">
							<conditions>
								<condition number="0" type="jump" coverage="50%"/>
							</conditions>
						</line>
						<line number="72" hits="0" branch="false"/>
						<line number="75" hits="61" branch="true" condition-coverage="100% (2/2)">
							<conditions>
								<condition number="0" type="jump" coverage="100%"/>
							</conditions>
						</line>
						<line number="76" hits="86" branch="false"/>
						<line number="77" hits="85" branch="false"/>
[...]
								<line number="192" hits="0" branch="true" condition-coverage="0% (0/2)">
									<conditions>
										<condition number="0" type="jump" coverage="0%"/>
									</conditions>
								</line>
								<line number="193" hits="0" branch="false"/>
								<line number="195" hits="0" branch="false"/>
							</lines>
						</method>
					</methods>
					<lines>
						<line number="185" hits="0" branch="false"/>
						<line number="186" hits="0" branch="false"/>
						<line number="187" hits="0" branch="false"/>
						<line number="188" hits="0" branch="false"/>
						<line number="191" hits="0" branch="false"/>
						<line number="192" hits="0" branch="true" condition-coverage="0% (0/2)">
							<conditions>
								<condition number="0" type="jump" coverage="0%"/>
							</conditions>
						</line>
						<line number="193" hits="0" branch="false"/>
						<line number="195" hits="0" branch="false"/>
					</lines>
				</class>
				<class name="org.apache.hadoop.tools.util.RetryPolicies$ExponentialBackoffRetry" filename="org/apache/hadoop/tools/util/RetryPolicies.java" line-rate="1.0" branch-rate="1.0" complexity="1.3478260869565217">
					<methods>
						<method name="&lt;init&gt;" signature="(IJLjava/util/concurrent/TimeUnit;)V" line-rate="1.0" branch-rate="1.0">
							<lines>
								<line number="230" hits="151" branch="false"/>
								<line number="233" hits="151" branch="false"/>
								<line number="234" hits="151" branch="false"/>
							</lines>
						</method>
						<method name="calculateSleepTime" signature="(I)J" line-rate="1.0" branch-rate="1.0">
							<lines>
								<line number="238" hits="6" branch="false"/>
							</lines>
						</method>
					</methods>
					<lines>
						<line number="230" hits="151" branch="false"/>
						<line number="233" hits="151" branch="false"/>
						<line number="234" hits="151" branch="false"/>
						<line number="238" hits="6" branch="false"/>
					</lines>
				</class>
				<class name="org.apache.hadoop.tools.util.RetryPolicies$RemoteExceptionDependentRetry" filename="org/apache/hadoop/tools/util/RetryPolicies.java" line-rate="0.0" branch-rate="0.0" complexity="1.3478260869565217">
					<methods>
						<method name="&lt;init&gt;" signature="(Lorg/apache/hadoop/tools/util/RetryPolicy;Ljava/util/Map;)V" line-rate="0.0" branch-rate="0.0">
							<lines>
								<line number="207" hits="0" branch="false"/>
								<line number="208" hits="0" branch="false"/>
								<line number="209" hits="0" branch="false"/>
								<line number="211" hits="0" branch="true" condition-coverage="0% (0/2)">
									<conditions>
										<condition number="0" type="jump" coverage="0%"/>
									</conditions>
								</line>
								<line number="212" hits="0" branch="false"/>
								<line number="213" hits="0" branch="false"/>
								<line number="214" hits="0" branch="false"/>
							</lines>
						</method>
						<method name="shouldRetry" signature="(Ljava/lang/Exception;I)Z" line-rate="0.0" branch-rate="0.0">
							<lines>
								<line number="217" hits="0" branch="false"/>
								<line number="218" hits="0" branch="true" condition-coverage="0% (0/2)">
									<conditions>
										<condition number="0" type="jump" coverage="0%"/>
									</conditions>
								</line>
								<line number="219" hits="0" branch="false"/>
								<line number="222" hits="0" branch="true" condition-coverage="0% (0/2)">
									<conditions>
										<condition number="0" type="jump" coverage="0%"/>
									</conditions>
								</line>
								<line number="223" hits="0" branch="false"/>
								<line number="225" hits="0" branch="false"/>
							</lines>
						</method>
					</methods>
					<lines>
						<line number="207" hits="0" branch="false"/>
						<line number="208" hits="0" branch="false"/>
						<line number="209" hits="0" branch="false"/>
						<line number="211" hits="0" branch="true" condition-coverage="0% (0/2)">
							<conditions>
								<condition number="0" type="jump" coverage="0%"/>
							</conditions>
						</line>
						<line number="212" hits="0" branch="false"/>
						<line number="213" hits="0" branch="false"/>
						<line number="214" hits="0" branch="false"/>
						<line number="217" hits="0" branch="false"/>
						<line number="218" hits="0" branch="true" condition-coverage="0% (0/2)">
							<conditions>
								<condition number="0" type="jump" coverage="0%"/>
							</conditions>
						</line>
						<line number="219" hits="0" branch="false"/>
						<line number="222" hits="0" branch="true" condition-coverage="0% (0/2)">
							<conditions>
								<condition number="0" type="jump" coverage="0%"/>
							</conditions>
						</line>
						<line number="223" hits="0" branch="false"/>
						<line number="225" hits="0" branch="false"/>
					</lines>
				</class>
				<class name="org.apache.hadoop.tools.util.RetryPolicies$RetryForever" filename="org/apache/hadoop/tools/util/RetryPolicies.java" line-rate="0.5" branch-rate="1.0" complexity="1.3478260869565217">
					<methods>
						<method name="&lt;init&gt;" signature="()V" line-rate="1.0" branch-rate="1.0">
							<lines>
								<line number="119" hits="18" branch="false"/>
							</lines>
						</method>
						<method name="shouldRetry" signature="(Ljava/lang/Exception;I)Z" line-rate="0.0" branch-rate="1.0">
							<lines>
								<line number="121" hits="0" branch="false"/>
							</lines>
						</method>
					</methods>
					<lines>
						<line number="119" hits="18" branch="false"/>
						<line number="121" hits="0" branch="false"/>
					</lines>
				</class>
				<class name="org.apache.hadoop.tools.util.RetryPolicies$RetryLimited" filename="org/apache/hadoop/tools/util/RetryPolicies.java" line-rate="0.9090909090909091" branch-rate="1.0" complexity="1.3478260869565217">
					<methods>
						<method name="&lt;init&gt;" signature="(IJLjava/util/concurrent/TimeUnit;)V" line-rate="1.0" branch-rate="1.0">
							<lines>
								<line number="130" hits="152" branch="false"/>
								<line number="131" hits="152" branch="false"/>
								<line number="132" hits="152" branch="false"/>
								<line number="133" hits="152" branch="false"/>
								<line number="134" hits="152" branch="false"/>
							</lines>
						</method>
						<method name="shouldRetry" signature="(Ljava/lang/Exception;I)Z" line-rate="0.8333333333333334" branch-rate="1.0">
							<lines>
								<line number="137" hits="12" branch="true" condition-coverage="100% (2/2)">
									<conditions>
										<condition number="0" type="jump" coverage="100%"/>
									</conditions>
								</line>
								<line number="138" hits="2" branch="false"/>
								<line number="141" hits="10" branch="false"/>
								<line number="142" hits="0" branch="false"/>
								<line number="144" hits="10" branch="false"/>
								<line number="145" hits="10" branch="false"/>
							</lines>
						</method>
					</methods>
					<lines>
						<line number="130" hits="152" branch="false"/>
						<line number="131" hits="152" branch="false"/>
						<line number="132" hits="152" branch="false"/>
						<line number="133" hits="152" branch="false"/>
						<line number="134" hits="152" branch="false"/>
						<line number="137" hits="12" branch="true" condition-coverage="100% (2/2)">
							<conditions>
								<condition number="0" type="jump" coverage="100%"/>
							</conditions>
						</line>
						<line number="138" hits="2" branch="false"/>
						<line number="141" hits="10" branch="false"/>
						<line number="142" hits="0" branch="false"/>
						<line number="144" hits="10" branch="false"/>
						<line number="145" hits="10" branch="false"/>
					</lines>
				</class>
				<class name="org.apache.hadoop.tools.util.RetryPolicies$RetryUpToMaximumCountWithFixedSleep" filename="org/apache/hadoop/tools/util/RetryPolicies.java" line-rate="1.0" branch-rate="1.0" complexity="1.3478260869565217">
					<methods>
						<method name="&lt;init&gt;" signature="(IJLjava/util/concurrent/TimeUnit;)V" line-rate="1.0" branch-rate="1.0">
							<lines>
								<line number="153" hits="1" branch="false"/>
								<line number="154" hits="1" branch="false"/>
							</lines>
						</method>
						<method name="calculateSleepTime" signature="(I)J" line-rate="1.0" branch-rate="1.0">
							<lines>
								<line number="158" hits="4" branch="false"/>
							</lines>
						</method>
					</methods>
					<lines>
						<line number="153" hits="1" branch="false"/>
						<line number="154" hits="1" branch="false"/>
						<line number="158" hits="4" branch="false"/>
					</lines>
				</class>
				<class name="org.apache.hadoop.tools.util.RetryPolicies$RetryUpToMaximumCountWithProportionalSleep" filename="org/apache/hadoop/tools/util/RetryPolicies.java" line-rate="0.0" branch-rate="1.0" complexity="1.3478260869565217">
					<methods>
						<method name="&lt;init&gt;" signature="(IJLjava/util/concurrent/TimeUnit;)V" line-rate="0.0" branch-rate="1.0">
							<lines>
								<line number="170" hits="0" branch="false"/>
								<line number="171" hits="0" branch="false"/>
							</lines>
						</method>
						<method name="calculateSleepTime" signature="(I)J" line-rate="0.0" branch-rate="1.0">
							<lines>
								<line number="175" hits="0" branch="false"/>
							</lines>
						</method>
					</methods>
					<lines>
						<line number="170" hits="0" branch="false"/>
						<line number="171" hits="0" branch="false"/>
						<line number="175" hits="0" branch="false"/>
					</lines>
				</class>
				<class name="org.apache.hadoop.tools.util.RetryPolicies$RetryUpToMaximumTimeWithFixedSleep" filename="org/apache/hadoop/tools/util/RetryPolicies.java" line-rate="0.0" branch-rate="1.0" complexity="1.3478260869565217">
					<methods>
						<method name="&lt;init&gt;" signature="(JJLjava/util/concurrent/TimeUnit;)V" line-rate="0.0" branch-rate="1.0">
							<lines>
								<line number="164" hits="0" branch="false"/>
								<line number="165" hits="0" branch="false"/>
							</lines>
						</method>
					</methods>
					<lines>
						<line number="164" hits="0" branch="false"/>
						<line number="165" hits="0" branch="false"/>
					</lines>
				</class>
				<class name="org.apache.hadoop.tools.util.RetryPolicies$TryOnceDontFail" filename="org/apache/hadoop/tools/util/RetryPolicies.java" line-rate="0.5" branch-rate="1.0" complexity="1.3478260869565217">
					<methods>
						<method name="&lt;init&gt;" signature="()V" line-rate="1.0" branch-rate="1.0">
							<lines>
								<line number="113" hits="18" branch="false"/>
							</lines>
						</method>
						<method name="shouldRetry" signature="(Ljava/lang/Exception;I)Z" line-rate="0.0" branch-rate="1.0">
							<lines>
								<line number="115" hits="0" branch="false"/>
							</lines>
						</method>
					</methods>
					<lines>
						<line number="113" hits="18" branch="false"/>
						<line number="115" hits="0" branch="false"/>
					</lines>
				</class>
				<class name="org.apache.hadoop.tools.util.RetryPolicies$TryOnceThenFail" filename="org/apache/hadoop/tools/util/RetryPolicies.java" line-rate="0.5" branch-rate="1.0" complexity="1.3478260869565217">
					<methods>
						<method name="&lt;init&gt;" signature="()V" line-rate="1.0" branch-rate="1.0">
							<lines>
								<line number="108" hits="18" branch="false"/>
							</lines>
						</method>
						<method name="shouldRetry" signature="(Ljava/lang/Exception;I)Z" line-rate="0.0" branch-rate="1.0">
							<lines>
								<line number="110" hits="0" branch="false"/>
							</lines>
						</method>
					</methods>
					<lines>
						<line number="108" hits="18" branch="false"/>
						<line number="110" hits="0" branch="false"/>
					</lines>
				</class>
				<class name="org.apache.hadoop.tools.util.RetryPolicy" filename="org/apache/hadoop/tools/util/RetryPolicy.java" line-rate="1.0" branch-rate="1.0" complexity="1.0">
					<methods>
					</methods>
					<lines>
					</lines>
				</class>
				<class name="org.apache.hadoop.tools.util.ThrottledInputStream" filename="org/apache/hadoop/tools/util/ThrottledInputStream.java" line-rate="0.95" branch-rate="0.8571428571428571" complexity="1.8">
					<methods>
						<method name="&lt;clinit&gt;" signature="()V" line-rate="1.0" branch-rate="1.0">
							<lines>
								<line number="24" hits="9" branch="false"/>
							</lines>
						</method>
						<method name="&lt;init&gt;" signature="(Ljava/io/InputStream;)V" line-rate="1.0" branch-rate="1.0">
							<lines>
								<line number="36" hits="1" branch="false"/>
								<line number="37" hits="1" branch="false"/>
							</lines>
						</method>
						<method name="&lt;init&gt;" signature="(Ljava/io/InputStream;J)V" line-rate="1.0" branch-rate="0.75">
							<lines>
								<line number="28" hits="74" branch="false"/>
								<line number="30" hits="74" branch="false"/>
								<line number="31" hits="74" branch="false"/>
								<line number="39" hits="74" branch="false"/>
								<line number="40" hits="74" branch="true" condition-coverage="75% (3/4)">
									<conditions>
										<condition number="0" type="jump" coverage="100%"/>
										<condition number="1" type="jump" coverage="50%"/>
									</conditions>
								</line>
								<line number="41" hits="74" branch="false"/>
								<line number="42" hits="74" branch="false"/>
								<line number="43" hits="74" branch="false"/>
							</lines>
						</method>
						<method name="getBytesPerSec" signature="()J" line-rate="1.0" branch-rate="1.0">
							<lines>
								<line number="91" hits="1052154" branch="false"/>
								<line number="92" hits="1052154" branch="true" condition-coverage="100% (2/2)">
									<conditions>
										<condition number="0" type="jump" coverage="100%"/>
									</conditions>
								</line>
								<line number="93" hits="54102" branch="false"/>
								<line number="95" hits="998052" branch="false"/>
							</lines>
						</method>
						<method name="getTotalBytesRead" signature="()J" line-rate="1.0" branch-rate="1.0">
							<lines>
								<line number="87" hits="74" branch="false"/>
							</lines>
						</method>
						<method name="getTotalSleepTime" signature="()J" line-rate="1.0" branch-rate="1.0">
							<lines>
								<line number="100" hits="74" branch="false"/>
							</lines>
						</method>
						<method name="read" signature="()I" line-rate="1.0" branch-rate="1.0">
							<lines>
								<line number="47" hits="1048857" branch="false"/>
								<line number="48" hits="1048857" branch="false"/>
								<line number="49" hits="1048857" branch="true" condition-coverage="100% (2/2)">
									<conditions>
										<condition number="0" type="jump" coverage="100%"/>
									</conditions>
								</line>
								<line number="50" hits="1048856" branch="false"/>
								<line number="52" hits="1048857" branch="false"/>
							</lines>
						</method>
						<method name="read" signature="([B)I" line-rate="1.0" branch-rate="1.0">
							<lines>
								<line number="57" hits="3074" branch="false"/>
								<line number="58" hits="3074" branch="false"/>
								<line number="59" hits="3074" branch="true" condition-coverage="100% (2/2)">
									<conditions>
										<condition number="0" type="jump" coverage="100%"/>
									</conditions>
								</line>
								<line number="60" hits="3071" branch="false"/>
								<line number="62" hits="3074" branch="false"/>
							</lines>
						</method>
						<method name="read" signature="([BII)I" line-rate="1.0" branch-rate="0.5">
							<lines>
								<line number="67" hits="141" branch="false"/>
								<line number="68" hits="141" branch="false"/>
								<line number="69" hits="141" branch="true" condition-coverage="50% (1/2)">
									<conditions>
										<condition number="0" type="jump" coverage="50%"/>
									</conditions>
								</line>
								<line number="70" hits="141" branch="false"/>
								<line number="72" hits="141" branch="false"/>
							</lines>
						</method>
						<method name="throttle" signature="()V" line-rate="0.7142857142857143" branch-rate="1.0">
							<lines>
								<line number="76" hits="1052072" branch="true" condition-coverage="100% (2/2)">
									<conditions>
										<condition number="0" type="jump" coverage="100%"/>
									</conditions>
								</line>
								<line number="78" hits="1048" branch="false"/>
								<line number="79" hits="1048" branch="false"/>
								<line number="80" hits="0" branch="false"/>
								<line number="81" hits="0" branch="false"/>
								<line number="82" hits="1048" branch="false"/>
								<line number="84" hits="1052072" branch="false"/>
							</lines>
						</method>
						<method name="toString" signature="()Ljava/lang/String;" line-rate="1.0" branch-rate="1.0">
							<lines>
								<line number="105" hits="74" branch="false"/>
							</lines>
						</method>
					</methods>
					<lines>
						<line number="24" hits="9" branch="false"/>
						<line number="28" hits="74" branch="false"/>
						<line number="30" hits="74" branch="false"/>
						<line number="31" hits="74" branch="false"/>
						<line number="36" hits="1" branch="false"/>
						<line number="37" hits="1" branch="false"/>
						<line number="39" hits="74" branch="false"/>
						<line number="40" hits="74" branch="true" condition-coverage="75% (3/4)">
							<conditions>
								<condition number="0" type="jump" coverage="100%"/>
								<condition number="1" type="jump" coverage="50%"/>
							</conditions>
						</line>
						<line number="41" hits="74" branch="false"/>
						<line number="42" hits="74" branch="false"/>
						<line number="43" hits="74" branch="false"/>
						<line number="47" hits="1048857" branch="false"/>
						<line number="48" hits="1048857" branch="false"/>
						<line number="49" hits="1048857" branch="true" condition-coverage="100% (2/2)">
							<conditions>
								<condition number="0" type="jump" coverage="100%"/>
							</conditions>
						</line>
						<line number="50" hits="1048856" branch="false"/>
						<line number="52" hits="1048857" branch="false"/>
						<line number="57" hits="3074" branch="false"/>
						<line number="58" hits="3074" branch="false"/>
						<line number="59" hits="3074" branch="true" condition-coverage="100% (2/2)">
							<conditions>
								<condition number="0" type="jump" coverage="100%"/>
							</conditions>
						</line>
						<line number="60" hits="3071" branch="false"/>
						<line number="62" hits="3074" branch="false"/>
						<line number="67" hits="141" branch="false"/>
						<line number="68" hits="141" branch="false"/>
						<line number="69" hits="141" branch="true" condition-coverage="50% (1/2)">
							<conditions>
								<condition number="0" type="jump" coverage="50%"/>
							</conditions>
						</line>
						<line number="70" hits="141" branch="false"/>
						<line number="72" hits="141" branch="false"/>
						<line number="76" hits="1052072" branch="true" condition-coverage="100% (2/2)">
							<conditions>
								<condition number="0" type="jump" coverage="100%"/>
							</conditions>
						</line>
						<line number="78" hits="1048" branch="false"/>
						<line number="79" hits="1048" branch="false"/>
						<line number="80" hits="0" branch="false"/>
						<line number="81" hits="0" branch="false"/>
						<line number="82" hits="1048" branch="false"/>
						<line number="84" hits="1052072" branch="false"/>
						<line number="87" hits="74" branch="false"/>
						<line number="91" hits="1052154" branch="false"/>
						<line number="92" hits="1052154" branch="true" condition-coverage="100% (2/2)">
							<conditions>
								<condition number="0" type="jump" coverage="100%"/>
							</conditions>
						</line>
						<line number="93" hits="54102" branch="false"/>
						<line number="95" hits="998052" branch="false"/>
						<line number="100" hits="74" branch="false"/>
						<line number="105" hits="74" branch="false"/>
					</lines>
				</class>
			</classes>
		</package>
	</packages>
</coverage>
